<?xml version="1.0" encoding="UTF-8"?>
<!-- Generated by org.testng.reporters.JUnitXMLReporter -->
<testsuite hostname="Hp" name="Testing Parameterization" tests="4" failures="0" timestamp="24 May 2022 07:29:00 GMT" time="0.095" errors="0">
  <testcase name="testCaseOne" time="0.024" classname="Advance.Parameter"/>
  <testcase name="testCaseTwo" time="0.01" classname="Advance.Parameter"/>
  <testcase name="testCaseThree" time="0.004" classname="Advance.Parameter"/>
  <testcase name="testLoginOfVtiger" time="0.003" classname="Advance.Parameter"/>
</testsuite> <!-- Testing Parameterization -->
