<?xml version="1.0" encoding="UTF-8"?>
<testng-results skipped="0" failed="0" ignored="0" total="2" passed="2">
  <reporter-output>
  </reporter-output>
  <suite name="Default suite" duration-ms="87" started-at="2022-05-21T15:33:32 IST" finished-at="2022-05-21T15:33:32 IST">
    <groups>
    </groups>
    <test name="Default test" duration-ms="87" started-at="2022-05-21T15:33:32 IST" finished-at="2022-05-21T15:33:32 IST">
      <class name="TestNG.Annotation1">
        <test-method status="PASS" signature="openBrowser()[pri:0, instance:TestNG.Annotation1@2173f6d9]" name="openBrowser" is-config="true" duration-ms="14" started-at="2022-05-21T15:33:32 IST" finished-at="2022-05-21T15:33:32 IST">
          <reporter-output>
          </reporter-output>
        </test-method> <!-- openBrowser -->
        <test-method status="PASS" signature="verifyLogin()[pri:1, instance:TestNG.Annotation1@2173f6d9]" name="verifyLogin" duration-ms="8" started-at="2022-05-21T15:33:32 IST" finished-at="2022-05-21T15:33:32 IST">
          <reporter-output>
          </reporter-output>
        </test-method> <!-- verifyLogin -->
        <test-method status="PASS" signature="createTask()[pri:2, instance:TestNG.Annotation1@2173f6d9]" name="createTask" duration-ms="2" started-at="2022-05-21T15:33:32 IST" finished-at="2022-05-21T15:33:32 IST">
          <reporter-output>
          </reporter-output>
        </test-method> <!-- createTask -->
        <test-method status="PASS" signature="closeBrowser()[pri:0, instance:TestNG.Annotation1@2173f6d9]" name="closeBrowser" is-config="true" duration-ms="1" started-at="2022-05-21T15:33:32 IST" finished-at="2022-05-21T15:33:32 IST">
          <reporter-output>
          </reporter-output>
        </test-method> <!-- closeBrowser -->
      </class> <!-- TestNG.Annotation1 -->
    </test> <!-- Default test -->
  </suite> <!-- Default suite -->
</testng-results>
