<?xml version="1.0" encoding="UTF-8"?>
<testng-results skipped="0" failed="0" ignored="0" total="1" passed="1">
  <reporter-output>
  </reporter-output>
  <suite name="Default suite" duration-ms="139" started-at="2022-05-13T18:50:38 IST" finished-at="2022-05-13T18:50:38 IST">
    <groups>
    </groups>
    <test name="Default test" duration-ms="139" started-at="2022-05-13T18:50:38 IST" finished-at="2022-05-13T18:50:38 IST">
      <class name="Frame.NewTest">
        <test-method status="PASS" signature="f()[pri:0, instance:Frame.NewTest@2833cc44]" name="f" duration-ms="17" started-at="2022-05-13T18:50:38 IST" finished-at="2022-05-13T18:50:38 IST">
          <reporter-output>
          </reporter-output>
        </test-method> <!-- f -->
      </class> <!-- Frame.NewTest -->
    </test> <!-- Default test -->
  </suite> <!-- Default suite -->
</testng-results>
