<?xml version="1.0" encoding="UTF-8"?>
<testng-results skipped="0" failed="0" total="3" passed="3">
  <reporter-output>
  </reporter-output>
  <suite name="Suite" duration-ms="41" started-at="2022-05-30T18:27:28Z" finished-at="2022-05-30T18:27:28Z">
    <groups>
      <group name="Regression">
        <method signature="Group.testCaseFour()[pri:0, instance:Advance.Group@6295d394]" name="testCaseFour" class="Advance.Group"/>
        <method signature="Group.testCaseOne()[pri:0, instance:Advance.Group@6295d394]" name="testCaseOne" class="Advance.Group"/>
        <method signature="Group.testCaseTwo()[pri:0, instance:Advance.Group@6295d394]" name="testCaseTwo" class="Advance.Group"/>
      </group> <!-- Regression -->
    </groups>
    <test name="Testing" duration-ms="41" started-at="2022-05-30T18:27:28Z" finished-at="2022-05-30T18:27:28Z">
      <class name="Advance.Group">
        <test-method status="PASS" signature="testCaseFour()[pri:0, instance:Advance.Group@6295d394]" name="testCaseFour" duration-ms="12" started-at="2022-05-30T23:57:28Z" finished-at="2022-05-30T23:57:28Z">
          <reporter-output>
          </reporter-output>
        </test-method> <!-- testCaseFour -->
        <test-method status="PASS" signature="testCaseOne()[pri:0, instance:Advance.Group@6295d394]" name="testCaseOne" duration-ms="2" started-at="2022-05-30T23:57:28Z" finished-at="2022-05-30T23:57:28Z">
          <reporter-output>
          </reporter-output>
        </test-method> <!-- testCaseOne -->
        <test-method status="PASS" signature="testCaseTwo()[pri:0, instance:Advance.Group@6295d394]" name="testCaseTwo" duration-ms="5" started-at="2022-05-30T23:57:28Z" finished-at="2022-05-30T23:57:28Z">
          <reporter-output>
          </reporter-output>
        </test-method> <!-- testCaseTwo -->
      </class> <!-- Advance.Group -->
    </test> <!-- Testing -->
  </suite> <!-- Suite -->
</testng-results>
